<?xml version="1.0" encoding="UTF-8"?>
<testsuite name="com.se0.self.study.web.IndexControllerTest" tests="1" skipped="0" failures="0" errors="0" timestamp="2021-01-21T05:54:32" hostname="Emma" time="0.242">
  <properties/>
  <testcase name="mainPage_load" classname="com.se0.self.study.web.IndexControllerTest" time="0.242"/>
  <system-out><![CDATA[2021-01-21 14:54:29.158  INFO 3108 --- [    Test worker] .b.t.c.SpringBootTestContextBootstrapper : Neither @ContextConfiguration nor @ContextHierarchy found for test class [com.se0.self.study.web.IndexControllerTest], using SpringBootContextLoader
2021-01-21 14:54:29.158  INFO 3108 --- [    Test worker] o.s.t.c.support.AbstractContextLoader    : Could not detect default resource locations for test class [com.se0.self.study.web.IndexControllerTest]: no resource found for suffixes {-context.xml, Context.groovy}.
2021-01-21 14:54:29.158  INFO 3108 --- [    Test worker] t.c.s.AnnotationConfigContextLoaderUtils : Could not detect default configuration classes for test class [com.se0.self.study.web.IndexControllerTest]: IndexControllerTest does not declare any static, non-private, non-final, nested classes annotated with @Configuration.
2021-01-21 14:54:29.158  INFO 3108 --- [    Test worker] .b.t.c.SpringBootTestContextBootstrapper : Found @SpringBootConfiguration com.se0.self.study.Application for test class com.se0.self.study.web.IndexControllerTest
2021-01-21 14:54:29.158  INFO 3108 --- [    Test worker] .b.t.c.SpringBootTestContextBootstrapper : Loaded default TestExecutionListener class names from location [META-INF/spring.factories]: [org.springframework.security.test.context.support.WithSecurityContextTestExecutionListener, org.springframework.security.test.context.support.ReactorContextTestExecutionListener, org.springframework.boot.test.autoconfigure.restdocs.RestDocsTestExecutionListener, org.springframework.boot.test.autoconfigure.web.client.MockRestServiceServerResetTestExecutionListener, org.springframework.boot.test.autoconfigure.web.servlet.MockMvcPrintOnlyOnFailureTestExecutionListener, org.springframework.boot.test.autoconfigure.web.servlet.WebDriverTestExecutionListener, org.springframework.boot.test.mock.mockito.MockitoTestExecutionListener, org.springframework.boot.test.mock.mockito.ResetMocksTestExecutionListener, org.springframework.test.context.web.ServletTestExecutionListener, org.springframework.test.context.support.DirtiesContextBeforeModesTestExecutionListener, org.springframework.test.context.support.DependencyInjectionTestExecutionListener, org.springframework.test.context.support.DirtiesContextTestExecutionListener, org.springframework.test.context.transaction.TransactionalTestExecutionListener, org.springframework.test.context.jdbc.SqlScriptsTestExecutionListener]
2021-01-21 14:54:29.167  INFO 3108 --- [    Test worker] .b.t.c.SpringBootTestContextBootstrapper : Using TestExecutionListeners: [org.springframework.test.context.web.ServletTestExecutionListener@472bbeac, org.springframework.test.context.support.DirtiesContextBeforeModesTestExecutionListener@24cfd327, org.springframework.boot.test.mock.mockito.MockitoTestExecutionListener@49ea65d0, org.springframework.boot.test.autoconfigure.SpringBootDependencyInjectionTestExecutionListener@4250e156, org.springframework.test.context.support.DirtiesContextTestExecutionListener@5894e96e, org.springframework.test.context.transaction.TransactionalTestExecutionListener@2985fb0, org.springframework.test.context.jdbc.SqlScriptsTestExecutionListener@18467ed6, org.springframework.security.test.context.support.WithSecurityContextTestExecutionListener@5dd976d9, org.springframework.security.test.context.support.ReactorContextTestExecutionListener@22f92b95, org.springframework.boot.test.autoconfigure.restdocs.RestDocsTestExecutionListener@625c95a5, org.springframework.boot.test.autoconfigure.web.client.MockRestServiceServerResetTestExecutionListener@49c7f7f6, org.springframework.boot.test.autoconfigure.web.servlet.MockMvcPrintOnlyOnFailureTestExecutionListener@5fbe3fa9, org.springframework.boot.test.autoconfigure.web.servlet.WebDriverTestExecutionListener@34f00248, org.springframework.boot.test.mock.mockito.ResetMocksTestExecutionListener@320748ce]

  .   ____          _            __ _ _
 /\\ / ___'_ __ _ _(_)_ __  __ _ \ \ \ \
( ( )\___ | '_ | '_| | '_ \/ _` | \ \ \ \
 \\/  ___)| |_)| | | | | || (_| |  ) ) ) )
  '  |____| .__|_| |_|_| |_\__, | / / / /
 =========|_|==============|___/=/_/_/_/
 :: Spring Boot ::        (v2.1.7.RELEASE)

2021-01-21 14:54:29.195  INFO 3108 --- [    Test worker] c.s.self.study.web.IndexControllerTest   : Starting IndexControllerTest on Emma with PID 3108 (started by Emma in D:\work_space\study)
2021-01-21 14:54:29.196  INFO 3108 --- [    Test worker] c.s.self.study.web.IndexControllerTest   : No active profile set, falling back to default profiles: default
2021-01-21 14:54:29.448  INFO 3108 --- [    Test worker] .s.d.r.c.RepositoryConfigurationDelegate : Bootstrapping Spring Data repositories in DEFAULT mode.
2021-01-21 14:54:29.471  INFO 3108 --- [    Test worker] .s.d.r.c.RepositoryConfigurationDelegate : Finished Spring Data repository scanning in 23ms. Found 2 repository interfaces.
2021-01-21 14:54:29.607  INFO 3108 --- [    Test worker] trationDelegate$BeanPostProcessorChecker : Bean 'org.springframework.transaction.annotation.ProxyTransactionManagementConfiguration' of type [org.springframework.transaction.annotation.ProxyTransactionManagementConfiguration$$EnhancerBySpringCGLIB$$ee79b72a] is not eligible for getting processed by all BeanPostProcessors (for example: not eligible for auto-proxying)
2021-01-21 14:54:29.928  INFO 3108 --- [    Test worker] o.s.b.w.embedded.tomcat.TomcatWebServer  : Tomcat initialized with port(s): 0 (http)
2021-01-21 14:54:29.973  INFO 3108 --- [    Test worker] o.apache.catalina.core.StandardService   : Starting service [Tomcat]
2021-01-21 14:54:29.974  INFO 3108 --- [    Test worker] org.apache.catalina.core.StandardEngine  : Starting Servlet engine: [Apache Tomcat/9.0.22]
2021-01-21 14:54:30.227  INFO 3108 --- [    Test worker] o.a.c.c.C.[Tomcat].[localhost].[/]       : Initializing Spring embedded WebApplicationContext
2021-01-21 14:54:30.227  INFO 3108 --- [    Test worker] o.s.web.context.ContextLoader            : Root WebApplicationContext: initialization completed in 1029 ms
2021-01-21 14:54:30.476  INFO 3108 --- [    Test worker] com.zaxxer.hikari.HikariDataSource       : HikariPool-2 - Starting...
2021-01-21 14:54:30.478  INFO 3108 --- [    Test worker] com.zaxxer.hikari.HikariDataSource       : HikariPool-2 - Start completed.
2021-01-21 14:54:30.525  INFO 3108 --- [    Test worker] o.hibernate.jpa.internal.util.LogHelper  : HHH000204: Processing PersistenceUnitInfo [
	name: default
	...]
2021-01-21 14:54:30.537  INFO 3108 --- [    Test worker] org.hibernate.dialect.Dialect            : HHH000400: Using dialect: org.hibernate.dialect.MySQL5InnoDBDialect
Hibernate: drop table if exists posts
Hibernate: drop table if exists user
Hibernate: create table posts (id bigint not null auto_increment, created_date datetime, modified_date datetime, author varchar(255), content TEXT not null, title varchar(500) not null, primary key (id)) engine=InnoDB
Hibernate: create table user (id bigint not null auto_increment, created_date datetime, modified_date datetime, email varchar(255) not null, name varchar(255) not null, picture varchar(255), role varchar(255) not null, primary key (id)) engine=InnoDB
2021-01-21 14:54:30.632  INFO 3108 --- [    Test worker] o.h.t.schema.internal.SchemaCreatorImpl  : HHH000476: Executing import script 'org.hibernate.tool.schema.internal.exec.ScriptSourceInputNonExistentImpl@368a73f5'
2021-01-21 14:54:30.632  INFO 3108 --- [    Test worker] j.LocalContainerEntityManagerFactoryBean : Initialized JPA EntityManagerFactory for persistence unit 'default'
2021-01-21 14:54:31.182  INFO 3108 --- [    Test worker] o.h.h.i.QueryTranslatorFactoryInitiator  : HHH000397: Using ASTQueryTranslatorFactory
2021-01-21 14:54:31.387  INFO 3108 --- [    Test worker] o.s.s.web.DefaultSecurityFilterChain     : Creating filter chain: any request, [org.springframework.security.web.context.request.async.WebAsyncManagerIntegrationFilter@11dfa09f, org.springframework.security.web.context.SecurityContextPersistenceFilter@7bfaea21, org.springframework.security.web.header.HeaderWriterFilter@1eaab92c, org.springframework.security.web.authentication.logout.LogoutFilter@722c4618, org.springframework.security.oauth2.client.web.OAuth2AuthorizationRequestRedirectFilter@7f6dfa91, org.springframework.security.oauth2.client.web.OAuth2LoginAuthenticationFilter@166c0d5b, org.springframework.security.web.authentication.ui.DefaultLoginPageGeneratingFilter@5eab040e, org.springframework.security.web.authentication.ui.DefaultLogoutPageGeneratingFilter@553ec04, org.springframework.security.web.savedrequest.RequestCacheAwareFilter@3a4b2d2e, org.springframework.security.web.servletapi.SecurityContextHolderAwareRequestFilter@71638092, org.springframework.security.web.authentication.AnonymousAuthenticationFilter@157a274d, org.springframework.security.web.session.SessionManagementFilter@43cd954d, org.springframework.security.web.access.ExceptionTranslationFilter@56b2e858, org.springframework.security.web.access.intercept.FilterSecurityInterceptor@4fab6676]
2021-01-21 14:54:31.624  INFO 3108 --- [    Test worker] o.s.s.concurrent.ThreadPoolTaskExecutor  : Initializing ExecutorService 'applicationTaskExecutor'
2021-01-21 14:54:31.637  WARN 3108 --- [    Test worker] aWebConfiguration$JpaWebMvcConfiguration : spring.jpa.open-in-view is enabled by default. Therefore, database queries may be performed during view rendering. Explicitly configure spring.jpa.open-in-view to disable this warning
2021-01-21 14:54:31.678  INFO 3108 --- [    Test worker] o.s.b.a.w.s.WelcomePageHandlerMapping    : Adding welcome page template: index
2021-01-21 14:54:32.008  INFO 3108 --- [    Test worker] s.a.ScheduledAnnotationBeanPostProcessor : No TaskScheduler/ScheduledExecutorService bean found for scheduled processing
2021-01-21 14:54:32.038  INFO 3108 --- [    Test worker] o.s.b.w.embedded.tomcat.TomcatWebServer  : Tomcat started on port(s): 8555 (http) with context path ''
2021-01-21 14:54:32.040  INFO 3108 --- [    Test worker] c.s.self.study.web.IndexControllerTest   : Started IndexControllerTest in 2.871 seconds (JVM running for 20.99)
2021-01-21 14:54:32.171  INFO 3108 --- [o-auto-1-exec-2] o.a.c.c.C.[Tomcat].[localhost].[/]       : Initializing Spring DispatcherServlet 'dispatcherServlet'
2021-01-21 14:54:32.171  INFO 3108 --- [o-auto-1-exec-2] o.s.web.servlet.DispatcherServlet        : Initializing Servlet 'dispatcherServlet'
2021-01-21 14:54:32.197  INFO 3108 --- [o-auto-1-exec-2] o.s.web.servlet.DispatcherServlet        : Completed initialization in 26 ms
Hibernate: select posts0_.id as id1_0_, posts0_.created_date as created_2_0_, posts0_.modified_date as modified3_0_, posts0_.author as author4_0_, posts0_.content as content5_0_, posts0_.title as title6_0_ from posts posts0_ order by posts0_.id DESC
]]></system-out>
  <system-err><![CDATA[]]></system-err>
</testsuite>
