<?xml version="1.0" encoding="UTF-8"?>
<testsuite name="com.se0.self.study.domain.posts.PostsRepositoryTest" tests="2" skipped="0" failures="0" errors="0" timestamp="2020-12-11T07:56:31" hostname="Emma" time="0.335">
  <properties/>
  <testcase name="posts_save_and_load" classname="com.se0.self.study.domain.posts.PostsRepositoryTest" time="0.32"/>
  <testcase name="BaseTimeEntity_posts" classname="com.se0.self.study.domain.posts.PostsRepositoryTest" time="0.014"/>
  <system-out><![CDATA[16:56:23.843 [Test worker] DEBUG org.springframework.test.context.junit4.SpringJUnit4ClassRunner - SpringJUnit4ClassRunner constructor called with [class com.se0.self.study.domain.posts.PostsRepositoryTest]
16:56:23.856 [Test worker] DEBUG org.springframework.test.context.BootstrapUtils - Instantiating CacheAwareContextLoaderDelegate from class [org.springframework.test.context.cache.DefaultCacheAwareContextLoaderDelegate]
16:56:23.873 [Test worker] DEBUG org.springframework.test.context.BootstrapUtils - Instantiating BootstrapContext using constructor [public org.springframework.test.context.support.DefaultBootstrapContext(java.lang.Class,org.springframework.test.context.CacheAwareContextLoaderDelegate)]
16:56:23.903 [Test worker] DEBUG org.springframework.test.context.BootstrapUtils - Instantiating TestContextBootstrapper for test class [com.se0.self.study.domain.posts.PostsRepositoryTest] from class [org.springframework.boot.test.context.SpringBootTestContextBootstrapper]
16:56:23.924 [Test worker] INFO org.springframework.boot.test.context.SpringBootTestContextBootstrapper - Neither @ContextConfiguration nor @ContextHierarchy found for test class [com.se0.self.study.domain.posts.PostsRepositoryTest], using SpringBootContextLoader
16:56:23.928 [Test worker] DEBUG org.springframework.test.context.support.AbstractContextLoader - Did not detect default resource location for test class [com.se0.self.study.domain.posts.PostsRepositoryTest]: class path resource [com/se0/self/study/domain/posts/PostsRepositoryTest-context.xml] does not exist
16:56:23.929 [Test worker] DEBUG org.springframework.test.context.support.AbstractContextLoader - Did not detect default resource location for test class [com.se0.self.study.domain.posts.PostsRepositoryTest]: class path resource [com/se0/self/study/domain/posts/PostsRepositoryTestContext.groovy] does not exist
16:56:23.929 [Test worker] INFO org.springframework.test.context.support.AbstractContextLoader - Could not detect default resource locations for test class [com.se0.self.study.domain.posts.PostsRepositoryTest]: no resource found for suffixes {-context.xml, Context.groovy}.
16:56:23.930 [Test worker] INFO org.springframework.test.context.support.AnnotationConfigContextLoaderUtils - Could not detect default configuration classes for test class [com.se0.self.study.domain.posts.PostsRepositoryTest]: PostsRepositoryTest does not declare any static, non-private, non-final, nested classes annotated with @Configuration.
16:56:23.991 [Test worker] DEBUG org.springframework.test.context.support.ActiveProfilesUtils - Could not find an 'annotation declaring class' for annotation type [org.springframework.test.context.ActiveProfiles] and class [com.se0.self.study.domain.posts.PostsRepositoryTest]
16:56:24.111 [Test worker] DEBUG org.springframework.context.annotation.ClassPathScanningCandidateComponentProvider - Identified candidate component class: file [D:\work_space\study\build\classes\java\main\com\se0\self\study\Application.class]
16:56:24.112 [Test worker] INFO org.springframework.boot.test.context.SpringBootTestContextBootstrapper - Found @SpringBootConfiguration com.se0.self.study.Application for test class com.se0.self.study.domain.posts.PostsRepositoryTest
16:56:24.239 [Test worker] DEBUG org.springframework.boot.test.context.SpringBootTestContextBootstrapper - @TestExecutionListeners is not present for class [com.se0.self.study.domain.posts.PostsRepositoryTest]: using defaults.
16:56:24.240 [Test worker] INFO org.springframework.boot.test.context.SpringBootTestContextBootstrapper - Loaded default TestExecutionListener class names from location [META-INF/spring.factories]: [org.springframework.security.test.context.support.WithSecurityContextTestExecutionListener, org.springframework.security.test.context.support.ReactorContextTestExecutionListener, org.springframework.boot.test.autoconfigure.restdocs.RestDocsTestExecutionListener, org.springframework.boot.test.autoconfigure.web.client.MockRestServiceServerResetTestExecutionListener, org.springframework.boot.test.autoconfigure.web.servlet.MockMvcPrintOnlyOnFailureTestExecutionListener, org.springframework.boot.test.autoconfigure.web.servlet.WebDriverTestExecutionListener, org.springframework.boot.test.mock.mockito.MockitoTestExecutionListener, org.springframework.boot.test.mock.mockito.ResetMocksTestExecutionListener, org.springframework.test.context.web.ServletTestExecutionListener, org.springframework.test.context.support.DirtiesContextBeforeModesTestExecutionListener, org.springframework.test.context.support.DependencyInjectionTestExecutionListener, org.springframework.test.context.support.DirtiesContextTestExecutionListener, org.springframework.test.context.transaction.TransactionalTestExecutionListener, org.springframework.test.context.jdbc.SqlScriptsTestExecutionListener]
16:56:24.278 [Test worker] INFO org.springframework.boot.test.context.SpringBootTestContextBootstrapper - Using TestExecutionListeners: [org.springframework.test.context.web.ServletTestExecutionListener@28400a5b, org.springframework.test.context.support.DirtiesContextBeforeModesTestExecutionListener@6bced2de, org.springframework.boot.test.mock.mockito.MockitoTestExecutionListener@e9958f7, org.springframework.boot.test.autoconfigure.SpringBootDependencyInjectionTestExecutionListener@42b23916, org.springframework.test.context.support.DirtiesContextTestExecutionListener@6a08f1c9, org.springframework.test.context.transaction.TransactionalTestExecutionListener@774d9674, org.springframework.test.context.jdbc.SqlScriptsTestExecutionListener@3357368a, org.springframework.security.test.context.support.WithSecurityContextTestExecutionListener@60fed37f, org.springframework.security.test.context.support.ReactorContextTestExecutionListener@4dd5e010, org.springframework.boot.test.autoconfigure.restdocs.RestDocsTestExecutionListener@56b031e8, org.springframework.boot.test.autoconfigure.web.client.MockRestServiceServerResetTestExecutionListener@5c59bed2, org.springframework.boot.test.autoconfigure.web.servlet.MockMvcPrintOnlyOnFailureTestExecutionListener@4aaafb0d, org.springframework.boot.test.autoconfigure.web.servlet.WebDriverTestExecutionListener@281d5728, org.springframework.boot.test.mock.mockito.ResetMocksTestExecutionListener@7ff50cb2]
16:56:24.282 [Test worker] DEBUG org.springframework.test.annotation.ProfileValueUtils - Retrieved @ProfileValueSourceConfiguration [null] for test class [com.se0.self.study.domain.posts.PostsRepositoryTest]
16:56:24.283 [Test worker] DEBUG org.springframework.test.annotation.ProfileValueUtils - Retrieved ProfileValueSource type [class org.springframework.test.annotation.SystemProfileValueSource] for class [com.se0.self.study.domain.posts.PostsRepositoryTest]
16:56:24.285 [Test worker] DEBUG org.springframework.test.annotation.ProfileValueUtils - Retrieved @ProfileValueSourceConfiguration [null] for test class [com.se0.self.study.domain.posts.PostsRepositoryTest]
16:56:24.285 [Test worker] DEBUG org.springframework.test.annotation.ProfileValueUtils - Retrieved ProfileValueSource type [class org.springframework.test.annotation.SystemProfileValueSource] for class [com.se0.self.study.domain.posts.PostsRepositoryTest]
16:56:24.291 [Test worker] DEBUG org.springframework.test.context.support.AbstractDirtiesContextTestExecutionListener - Before test class: context [DefaultTestContext@91805af testClass = PostsRepositoryTest, testInstance = [null], testMethod = [null], testException = [null], mergedContextConfiguration = [WebMergedContextConfiguration@3ff8fda1 testClass = PostsRepositoryTest, locations = '{}', classes = '{class com.se0.self.study.Application}', contextInitializerClasses = '[]', activeProfiles = '{}', propertySourceLocations = '{}', propertySourceProperties = '{org.springframework.boot.test.context.SpringBootTestContextBootstrapper=true}', contextCustomizers = set[org.springframework.boot.test.autoconfigure.properties.PropertyMappingContextCustomizer@0, org.springframework.boot.test.autoconfigure.web.servlet.WebDriverContextCustomizerFactory$Customizer@40b4301c, org.springframework.boot.test.context.filter.ExcludeFilterContextCustomizer@5fd4f1e5, org.springframework.boot.test.json.DuplicateJsonObjectContextCustomizerFactory$DuplicateJsonObjectContextCustomizer@4112a964, org.springframework.boot.test.mock.mockito.MockitoContextCustomizer@0, org.springframework.boot.test.web.client.TestRestTemplateContextCustomizer@2e98d142], resourceBasePath = 'src/main/webapp', contextLoader = 'org.springframework.boot.test.context.SpringBootContextLoader', parent = [null]], attributes = map['org.springframework.test.context.web.ServletTestExecutionListener.activateListener' -> true]], class annotated with @DirtiesContext [false] with mode [null].
16:56:24.292 [Test worker] DEBUG org.springframework.test.annotation.ProfileValueUtils - Retrieved @ProfileValueSourceConfiguration [null] for test class [com.se0.self.study.domain.posts.PostsRepositoryTest]
16:56:24.292 [Test worker] DEBUG org.springframework.test.annotation.ProfileValueUtils - Retrieved ProfileValueSource type [class org.springframework.test.annotation.SystemProfileValueSource] for class [com.se0.self.study.domain.posts.PostsRepositoryTest]
16:56:24.322 [Test worker] DEBUG org.springframework.test.context.support.TestPropertySourceUtils - Adding inlined properties to environment: {spring.jmx.enabled=false, org.springframework.boot.test.context.SpringBootTestContextBootstrapper=true, server.port=-1}

  .   ____          _            __ _ _
 /\\ / ___'_ __ _ _(_)_ __  __ _ \ \ \ \
( ( )\___ | '_ | '_| | '_ \/ _` | \ \ \ \
 \\/  ___)| |_)| | | | | || (_| |  ) ) ) )
  '  |____| .__|_| |_|_| |_\__, | / / / /
 =========|_|==============|___/=/_/_/_/
 :: Spring Boot ::        (v2.1.7.RELEASE)

2020-12-11 16:56:24.657  INFO 21280 --- [    Test worker] c.s.s.s.d.posts.PostsRepositoryTest      : Starting PostsRepositoryTest on Emma with PID 21280 (started by N190303 in D:\work_space\study)
2020-12-11 16:56:24.658  INFO 21280 --- [    Test worker] c.s.s.s.d.posts.PostsRepositoryTest      : No active profile set, falling back to default profiles: default
2020-12-11 16:56:25.763  INFO 21280 --- [    Test worker] .s.d.r.c.RepositoryConfigurationDelegate : Bootstrapping Spring Data repositories in DEFAULT mode.
2020-12-11 16:56:25.868  INFO 21280 --- [    Test worker] .s.d.r.c.RepositoryConfigurationDelegate : Finished Spring Data repository scanning in 90ms. Found 2 repository interfaces.
2020-12-11 16:56:26.461  INFO 21280 --- [    Test worker] trationDelegate$BeanPostProcessorChecker : Bean 'org.springframework.transaction.annotation.ProxyTransactionManagementConfiguration' of type [org.springframework.transaction.annotation.ProxyTransactionManagementConfiguration$$EnhancerBySpringCGLIB$$82ced69f] is not eligible for getting processed by all BeanPostProcessors (for example: not eligible for auto-proxying)
2020-12-11 16:56:26.772  INFO 21280 --- [    Test worker] com.zaxxer.hikari.HikariDataSource       : HikariPool-1 - Starting...
2020-12-11 16:56:26.954  INFO 21280 --- [    Test worker] com.zaxxer.hikari.HikariDataSource       : HikariPool-1 - Start completed.
2020-12-11 16:56:27.066  INFO 21280 --- [    Test worker] o.hibernate.jpa.internal.util.LogHelper  : HHH000204: Processing PersistenceUnitInfo [
	name: default
	...]
2020-12-11 16:56:27.189  INFO 21280 --- [    Test worker] org.hibernate.Version                    : HHH000412: Hibernate Core {5.3.10.Final}
2020-12-11 16:56:27.191  INFO 21280 --- [    Test worker] org.hibernate.cfg.Environment            : HHH000206: hibernate.properties not found
2020-12-11 16:56:27.435  INFO 21280 --- [    Test worker] o.hibernate.annotations.common.Version   : HCANN000001: Hibernate Commons Annotations {5.0.4.Final}
2020-12-11 16:56:27.663  INFO 21280 --- [    Test worker] org.hibernate.dialect.Dialect            : HHH000400: Using dialect: org.hibernate.dialect.MySQL5InnoDBDialect
Hibernate: drop table if exists posts
Hibernate: drop table if exists user
Hibernate: create table posts (id bigint not null auto_increment, created_date datetime, modified_date datetime, author varchar(255), content TEXT not null, title varchar(500) not null, primary key (id)) engine=InnoDB
Hibernate: create table user (id bigint not null auto_increment, created_date datetime, modified_date datetime, email varchar(255) not null, name varchar(255) not null, picture varchar(255), role varchar(255) not null, primary key (id)) engine=InnoDB
2020-12-11 16:56:28.534  INFO 21280 --- [    Test worker] o.h.t.schema.internal.SchemaCreatorImpl  : HHH000476: Executing import script 'org.hibernate.tool.schema.internal.exec.ScriptSourceInputNonExistentImpl@116d2d81'
2020-12-11 16:56:28.538  INFO 21280 --- [    Test worker] j.LocalContainerEntityManagerFactoryBean : Initialized JPA EntityManagerFactory for persistence unit 'default'
2020-12-11 16:56:29.331  INFO 21280 --- [    Test worker] o.h.h.i.QueryTranslatorFactoryInitiator  : HHH000397: Using ASTQueryTranslatorFactory
2020-12-11 16:56:30.166  INFO 21280 --- [    Test worker] o.s.s.web.DefaultSecurityFilterChain     : Creating filter chain: any request, [org.springframework.security.web.context.request.async.WebAsyncManagerIntegrationFilter@65941bd5, org.springframework.security.web.context.SecurityContextPersistenceFilter@69a40f3f, org.springframework.security.web.header.HeaderWriterFilter@2ab81905, org.springframework.security.web.authentication.logout.LogoutFilter@3146042d, org.springframework.security.oauth2.client.web.OAuth2AuthorizationRequestRedirectFilter@195109b4, org.springframework.security.oauth2.client.web.OAuth2LoginAuthenticationFilter@270fa7e0, org.springframework.security.web.authentication.ui.DefaultLoginPageGeneratingFilter@2f7c71f7, org.springframework.security.web.authentication.ui.DefaultLogoutPageGeneratingFilter@7ae919e5, org.springframework.security.web.savedrequest.RequestCacheAwareFilter@63eeab72, org.springframework.security.web.servletapi.SecurityContextHolderAwareRequestFilter@4b0967e7, org.springframework.security.web.authentication.AnonymousAuthenticationFilter@4fccba1b, org.springframework.security.web.session.SessionManagementFilter@18769ce7, org.springframework.security.web.access.ExceptionTranslationFilter@750a9694, org.springframework.security.web.access.intercept.FilterSecurityInterceptor@1b8d5720]
2020-12-11 16:56:30.880  INFO 21280 --- [    Test worker] o.s.s.concurrent.ThreadPoolTaskExecutor  : Initializing ExecutorService 'applicationTaskExecutor'
2020-12-11 16:56:30.956  WARN 21280 --- [    Test worker] aWebConfiguration$JpaWebMvcConfiguration : spring.jpa.open-in-view is enabled by default. Therefore, database queries may be performed during view rendering. Explicitly configure spring.jpa.open-in-view to disable this warning
2020-12-11 16:56:31.032  INFO 21280 --- [    Test worker] o.s.b.a.w.s.WelcomePageHandlerMapping    : Adding welcome page template: index
2020-12-11 16:56:31.711  INFO 21280 --- [    Test worker] s.a.ScheduledAnnotationBeanPostProcessor : No TaskScheduler/ScheduledExecutorService bean found for scheduled processing
2020-12-11 16:56:31.721  INFO 21280 --- [    Test worker] c.s.s.s.d.posts.PostsRepositoryTest      : Started PostsRepositoryTest in 7.372 seconds (JVM running for 9.136)
Hibernate: insert into posts (created_date, modified_date, author, content, title) values (?, ?, ?, ?, ?)
Hibernate: select posts0_.id as id1_0_, posts0_.created_date as created_2_0_, posts0_.modified_date as modified3_0_, posts0_.author as author4_0_, posts0_.content as content5_0_, posts0_.title as title6_0_ from posts posts0_
Hibernate: select posts0_.id as id1_0_, posts0_.created_date as created_2_0_, posts0_.modified_date as modified3_0_, posts0_.author as author4_0_, posts0_.content as content5_0_, posts0_.title as title6_0_ from posts posts0_
Hibernate: delete from posts where id=?
Hibernate: insert into posts (created_date, modified_date, author, content, title) values (?, ?, ?, ?, ?)
Hibernate: select posts0_.id as id1_0_, posts0_.created_date as created_2_0_, posts0_.modified_date as modified3_0_, posts0_.author as author4_0_, posts0_.content as content5_0_, posts0_.title as title6_0_ from posts posts0_
>>>> creteDate = 2020-12-11T16:56:32.073, modifiedDate = 2020-12-11T16:56:32.073
Hibernate: select posts0_.id as id1_0_, posts0_.created_date as created_2_0_, posts0_.modified_date as modified3_0_, posts0_.author as author4_0_, posts0_.content as content5_0_, posts0_.title as title6_0_ from posts posts0_
Hibernate: delete from posts where id=?
]]></system-out>
  <system-err><![CDATA[]]></system-err>
</testsuite>
