<?xml version="1.0" encoding="UTF-8"?>
<testsuite name="com.se0.self.study.web.HelloControllerTest" tests="2" skipped="0" failures="0" errors="0" timestamp="2021-01-21T05:54:28" hostname="Emma" time="0.214">
  <properties/>
  <testcase name="helloDto_return" classname="com.se0.self.study.web.HelloControllerTest" time="0.206"/>
  <testcase name="hello_return" classname="com.se0.self.study.web.HelloControllerTest" time="0.008"/>
  <system-out><![CDATA[2021-01-21 14:54:20.913  INFO 3108 --- [    Test worker] .b.t.a.w.s.WebMvcTestContextBootstrapper : Neither @ContextConfiguration nor @ContextHierarchy found for test class [com.se0.self.study.web.HelloControllerTest], using SpringBootContextLoader
2021-01-21 14:54:20.916  INFO 3108 --- [    Test worker] o.s.t.c.support.AbstractContextLoader    : Could not detect default resource locations for test class [com.se0.self.study.web.HelloControllerTest]: no resource found for suffixes {-context.xml, Context.groovy}.
2021-01-21 14:54:20.916  INFO 3108 --- [    Test worker] t.c.s.AnnotationConfigContextLoaderUtils : Could not detect default configuration classes for test class [com.se0.self.study.web.HelloControllerTest]: HelloControllerTest does not declare any static, non-private, non-final, nested classes annotated with @Configuration.
2021-01-21 14:54:21.167  INFO 3108 --- [    Test worker] .b.t.c.SpringBootTestContextBootstrapper : Found @SpringBootConfiguration com.se0.self.study.Application for test class com.se0.self.study.web.HelloControllerTest
2021-01-21 14:54:21.168  INFO 3108 --- [    Test worker] .b.t.a.w.s.WebMvcTestContextBootstrapper : Loaded default TestExecutionListener class names from location [META-INF/spring.factories]: [org.springframework.security.test.context.support.WithSecurityContextTestExecutionListener, org.springframework.security.test.context.support.ReactorContextTestExecutionListener, org.springframework.boot.test.autoconfigure.restdocs.RestDocsTestExecutionListener, org.springframework.boot.test.autoconfigure.web.client.MockRestServiceServerResetTestExecutionListener, org.springframework.boot.test.autoconfigure.web.servlet.MockMvcPrintOnlyOnFailureTestExecutionListener, org.springframework.boot.test.autoconfigure.web.servlet.WebDriverTestExecutionListener, org.springframework.boot.test.mock.mockito.MockitoTestExecutionListener, org.springframework.boot.test.mock.mockito.ResetMocksTestExecutionListener, org.springframework.test.context.web.ServletTestExecutionListener, org.springframework.test.context.support.DirtiesContextBeforeModesTestExecutionListener, org.springframework.test.context.support.DependencyInjectionTestExecutionListener, org.springframework.test.context.support.DirtiesContextTestExecutionListener, org.springframework.test.context.transaction.TransactionalTestExecutionListener, org.springframework.test.context.jdbc.SqlScriptsTestExecutionListener]
2021-01-21 14:54:21.178  INFO 3108 --- [    Test worker] .b.t.a.w.s.WebMvcTestContextBootstrapper : Using TestExecutionListeners: [org.springframework.test.context.web.ServletTestExecutionListener@42e341a0, org.springframework.test.context.support.DirtiesContextBeforeModesTestExecutionListener@7e9b0436, org.springframework.boot.test.mock.mockito.MockitoTestExecutionListener@3772b4e0, org.springframework.boot.test.autoconfigure.SpringBootDependencyInjectionTestExecutionListener@658ce76e, org.springframework.test.context.support.DirtiesContextTestExecutionListener@3dba543e, org.springframework.test.context.transaction.TransactionalTestExecutionListener@1b265d0b, org.springframework.test.context.jdbc.SqlScriptsTestExecutionListener@39d13f3b, org.springframework.security.test.context.support.WithSecurityContextTestExecutionListener@3be418f8, org.springframework.security.test.context.support.ReactorContextTestExecutionListener@5410b01e, org.springframework.boot.test.autoconfigure.restdocs.RestDocsTestExecutionListener@7df77192, org.springframework.boot.test.autoconfigure.web.client.MockRestServiceServerResetTestExecutionListener@4d6fb1f0, org.springframework.boot.test.autoconfigure.web.servlet.MockMvcPrintOnlyOnFailureTestExecutionListener@56d7537d, org.springframework.boot.test.autoconfigure.web.servlet.WebDriverTestExecutionListener@79689f9, org.springframework.boot.test.mock.mockito.ResetMocksTestExecutionListener@412b0378]

  .   ____          _            __ _ _
 /\\ / ___'_ __ _ _(_)_ __  __ _ \ \ \ \
( ( )\___ | '_ | '_| | '_ \/ _` | \ \ \ \
 \\/  ___)| |_)| | | | | || (_| |  ) ) ) )
  '  |____| .__|_| |_|_| |_\__, | / / / /
 =========|_|==============|___/=/_/_/_/
 :: Spring Boot ::        (v2.1.7.RELEASE)

2021-01-21 14:54:21.470  INFO 3108 --- [    Test worker] c.s.self.study.web.HelloControllerTest   : Starting HelloControllerTest on Emma with PID 3108 (started by Emma in D:\work_space\study)
2021-01-21 14:54:21.473  INFO 3108 --- [    Test worker] c.s.self.study.web.HelloControllerTest   : No active profile set, falling back to default profiles: default
2021-01-21 14:54:26.884  INFO 3108 --- [    Test worker] o.s.s.concurrent.ThreadPoolTaskExecutor  : Initializing ExecutorService 'applicationTaskExecutor'
2021-01-21 14:54:26.975  INFO 3108 --- [    Test worker] o.s.b.a.w.s.WelcomePageHandlerMapping    : Adding welcome page template: index
2021-01-21 14:54:28.239  INFO 3108 --- [    Test worker] .s.s.UserDetailsServiceAutoConfiguration : 

Using generated security password: 2ceb5d42-3330-43ac-86ff-14b96ec90d63

2021-01-21 14:54:28.794  INFO 3108 --- [    Test worker] o.s.s.web.DefaultSecurityFilterChain     : Creating filter chain: any request, [org.springframework.security.web.context.request.async.WebAsyncManagerIntegrationFilter@1aca17b8, org.springframework.security.web.context.SecurityContextPersistenceFilter@1e2be57, org.springframework.security.web.header.HeaderWriterFilter@1e7bdaa2, org.springframework.security.web.csrf.CsrfFilter@7e75f776, org.springframework.security.web.authentication.logout.LogoutFilter@7ca55d1c, org.springframework.security.web.authentication.UsernamePasswordAuthenticationFilter@65d4a2b1, org.springframework.security.web.authentication.ui.DefaultLoginPageGeneratingFilter@5b291b11, org.springframework.security.web.authentication.ui.DefaultLogoutPageGeneratingFilter@371074b3, org.springframework.security.web.authentication.www.BasicAuthenticationFilter@40ccc4f, org.springframework.security.web.savedrequest.RequestCacheAwareFilter@76ccb198, org.springframework.security.web.servletapi.SecurityContextHolderAwareRequestFilter@3622db29, org.springframework.security.web.authentication.AnonymousAuthenticationFilter@559cb8aa, org.springframework.security.web.session.SessionManagementFilter@4f64405c, org.springframework.security.web.access.ExceptionTranslationFilter@14ac7ea5, org.springframework.security.web.access.intercept.FilterSecurityInterceptor@334513b3]
2021-01-21 14:54:28.855  INFO 3108 --- [    Test worker] o.s.b.t.m.w.SpringBootMockServletContext : Initializing Spring TestDispatcherServlet ''
2021-01-21 14:54:28.855  INFO 3108 --- [    Test worker] o.s.t.web.servlet.TestDispatcherServlet  : Initializing Servlet ''
2021-01-21 14:54:28.883  INFO 3108 --- [    Test worker] o.s.t.web.servlet.TestDispatcherServlet  : Completed initialization in 28 ms
2021-01-21 14:54:28.936  INFO 3108 --- [    Test worker] c.s.self.study.web.HelloControllerTest   : Started HelloControllerTest in 7.742 seconds (JVM running for 17.888)
]]></system-out>
  <system-err><![CDATA[]]></system-err>
</testsuite>
