<?xml version="1.0" encoding="UTF-8"?>
<testsuite name="com.se0.self.study.domain.posts.PostsRepositoryTest" tests="1" skipped="0" failures="0" errors="0" timestamp="2020-11-27T08:47:10" hostname="Emma" time="0.597">
  <properties/>
  <testcase name="BaseTimeEntity_posts" classname="com.se0.self.study.domain.posts.PostsRepositoryTest" time="0.597"/>
  <system-out><![CDATA[17:47:04.983 [Test worker] DEBUG org.springframework.test.context.junit4.SpringJUnit4ClassRunner - SpringJUnit4ClassRunner constructor called with [class com.se0.self.study.domain.posts.PostsRepositoryTest]
17:47:04.997 [Test worker] DEBUG org.springframework.test.context.BootstrapUtils - Instantiating CacheAwareContextLoaderDelegate from class [org.springframework.test.context.cache.DefaultCacheAwareContextLoaderDelegate]
17:47:05.012 [Test worker] DEBUG org.springframework.test.context.BootstrapUtils - Instantiating BootstrapContext using constructor [public org.springframework.test.context.support.DefaultBootstrapContext(java.lang.Class,org.springframework.test.context.CacheAwareContextLoaderDelegate)]
17:47:05.039 [Test worker] DEBUG org.springframework.test.context.BootstrapUtils - Instantiating TestContextBootstrapper for test class [com.se0.self.study.domain.posts.PostsRepositoryTest] from class [org.springframework.boot.test.context.SpringBootTestContextBootstrapper]
17:47:05.055 [Test worker] INFO org.springframework.boot.test.context.SpringBootTestContextBootstrapper - Neither @ContextConfiguration nor @ContextHierarchy found for test class [com.se0.self.study.domain.posts.PostsRepositoryTest], using SpringBootContextLoader
17:47:05.058 [Test worker] DEBUG org.springframework.test.context.support.AbstractContextLoader - Did not detect default resource location for test class [com.se0.self.study.domain.posts.PostsRepositoryTest]: class path resource [com/se0/self/study/domain/posts/PostsRepositoryTest-context.xml] does not exist
17:47:05.059 [Test worker] DEBUG org.springframework.test.context.support.AbstractContextLoader - Did not detect default resource location for test class [com.se0.self.study.domain.posts.PostsRepositoryTest]: class path resource [com/se0/self/study/domain/posts/PostsRepositoryTestContext.groovy] does not exist
17:47:05.059 [Test worker] INFO org.springframework.test.context.support.AbstractContextLoader - Could not detect default resource locations for test class [com.se0.self.study.domain.posts.PostsRepositoryTest]: no resource found for suffixes {-context.xml, Context.groovy}.
17:47:05.061 [Test worker] INFO org.springframework.test.context.support.AnnotationConfigContextLoaderUtils - Could not detect default configuration classes for test class [com.se0.self.study.domain.posts.PostsRepositoryTest]: PostsRepositoryTest does not declare any static, non-private, non-final, nested classes annotated with @Configuration.
17:47:05.118 [Test worker] DEBUG org.springframework.test.context.support.ActiveProfilesUtils - Could not find an 'annotation declaring class' for annotation type [org.springframework.test.context.ActiveProfiles] and class [com.se0.self.study.domain.posts.PostsRepositoryTest]
17:47:05.227 [Test worker] DEBUG org.springframework.context.annotation.ClassPathScanningCandidateComponentProvider - Identified candidate component class: file [D:\work_space\study\build\classes\java\main\com\se0\self\study\Application.class]
17:47:05.229 [Test worker] INFO org.springframework.boot.test.context.SpringBootTestContextBootstrapper - Found @SpringBootConfiguration com.se0.self.study.Application for test class com.se0.self.study.domain.posts.PostsRepositoryTest
17:47:05.335 [Test worker] DEBUG org.springframework.boot.test.context.SpringBootTestContextBootstrapper - @TestExecutionListeners is not present for class [com.se0.self.study.domain.posts.PostsRepositoryTest]: using defaults.
17:47:05.336 [Test worker] INFO org.springframework.boot.test.context.SpringBootTestContextBootstrapper - Loaded default TestExecutionListener class names from location [META-INF/spring.factories]: [org.springframework.boot.test.autoconfigure.restdocs.RestDocsTestExecutionListener, org.springframework.boot.test.autoconfigure.web.client.MockRestServiceServerResetTestExecutionListener, org.springframework.boot.test.autoconfigure.web.servlet.MockMvcPrintOnlyOnFailureTestExecutionListener, org.springframework.boot.test.autoconfigure.web.servlet.WebDriverTestExecutionListener, org.springframework.boot.test.mock.mockito.MockitoTestExecutionListener, org.springframework.boot.test.mock.mockito.ResetMocksTestExecutionListener, org.springframework.test.context.web.ServletTestExecutionListener, org.springframework.test.context.support.DirtiesContextBeforeModesTestExecutionListener, org.springframework.test.context.support.DependencyInjectionTestExecutionListener, org.springframework.test.context.support.DirtiesContextTestExecutionListener, org.springframework.test.context.transaction.TransactionalTestExecutionListener, org.springframework.test.context.jdbc.SqlScriptsTestExecutionListener]
17:47:05.360 [Test worker] INFO org.springframework.boot.test.context.SpringBootTestContextBootstrapper - Using TestExecutionListeners: [org.springframework.test.context.web.ServletTestExecutionListener@1128891e, org.springframework.test.context.support.DirtiesContextBeforeModesTestExecutionListener@636bcc35, org.springframework.boot.test.mock.mockito.MockitoTestExecutionListener@3d59a0a3, org.springframework.boot.test.autoconfigure.SpringBootDependencyInjectionTestExecutionListener@3d885e3a, org.springframework.test.context.support.DirtiesContextTestExecutionListener@68bd50ec, org.springframework.test.context.transaction.TransactionalTestExecutionListener@558a23aa, org.springframework.test.context.jdbc.SqlScriptsTestExecutionListener@25a6dd00, org.springframework.boot.test.autoconfigure.restdocs.RestDocsTestExecutionListener@5a203e00, org.springframework.boot.test.autoconfigure.web.client.MockRestServiceServerResetTestExecutionListener@58183f98, org.springframework.boot.test.autoconfigure.web.servlet.MockMvcPrintOnlyOnFailureTestExecutionListener@5c0bd042, org.springframework.boot.test.autoconfigure.web.servlet.WebDriverTestExecutionListener@4fd6581e, org.springframework.boot.test.mock.mockito.ResetMocksTestExecutionListener@145dbfda]
17:47:05.364 [Test worker] DEBUG org.springframework.test.annotation.ProfileValueUtils - Retrieved @ProfileValueSourceConfiguration [null] for test class [com.se0.self.study.domain.posts.PostsRepositoryTest]
17:47:05.365 [Test worker] DEBUG org.springframework.test.annotation.ProfileValueUtils - Retrieved ProfileValueSource type [class org.springframework.test.annotation.SystemProfileValueSource] for class [com.se0.self.study.domain.posts.PostsRepositoryTest]
17:47:05.369 [Test worker] DEBUG org.springframework.test.annotation.ProfileValueUtils - Retrieved @ProfileValueSourceConfiguration [null] for test class [com.se0.self.study.domain.posts.PostsRepositoryTest]
17:47:05.369 [Test worker] DEBUG org.springframework.test.annotation.ProfileValueUtils - Retrieved ProfileValueSource type [class org.springframework.test.annotation.SystemProfileValueSource] for class [com.se0.self.study.domain.posts.PostsRepositoryTest]
17:47:05.370 [Test worker] DEBUG org.springframework.test.annotation.ProfileValueUtils - Retrieved @ProfileValueSourceConfiguration [null] for test class [com.se0.self.study.domain.posts.PostsRepositoryTest]
17:47:05.370 [Test worker] DEBUG org.springframework.test.annotation.ProfileValueUtils - Retrieved ProfileValueSource type [class org.springframework.test.annotation.SystemProfileValueSource] for class [com.se0.self.study.domain.posts.PostsRepositoryTest]
17:47:05.374 [Test worker] DEBUG org.springframework.test.context.support.AbstractDirtiesContextTestExecutionListener - Before test class: context [DefaultTestContext@f89d5a7 testClass = PostsRepositoryTest, testInstance = [null], testMethod = [null], testException = [null], mergedContextConfiguration = [WebMergedContextConfiguration@7c214538 testClass = PostsRepositoryTest, locations = '{}', classes = '{class com.se0.self.study.Application}', contextInitializerClasses = '[]', activeProfiles = '{}', propertySourceLocations = '{}', propertySourceProperties = '{org.springframework.boot.test.context.SpringBootTestContextBootstrapper=true}', contextCustomizers = set[org.springframework.boot.test.autoconfigure.properties.PropertyMappingContextCustomizer@0, org.springframework.boot.test.autoconfigure.web.servlet.WebDriverContextCustomizerFactory$Customizer@591903c, org.springframework.boot.test.context.filter.ExcludeFilterContextCustomizer@4abcb1cf, org.springframework.boot.test.json.DuplicateJsonObjectContextCustomizerFactory$DuplicateJsonObjectContextCustomizer@60ca2822, org.springframework.boot.test.mock.mockito.MockitoContextCustomizer@0, org.springframework.boot.test.web.client.TestRestTemplateContextCustomizer@4b1c1cae], resourceBasePath = 'src/main/webapp', contextLoader = 'org.springframework.boot.test.context.SpringBootContextLoader', parent = [null]], attributes = map['org.springframework.test.context.web.ServletTestExecutionListener.activateListener' -> true]], class annotated with @DirtiesContext [false] with mode [null].
17:47:05.375 [Test worker] DEBUG org.springframework.test.annotation.ProfileValueUtils - Retrieved @ProfileValueSourceConfiguration [null] for test class [com.se0.self.study.domain.posts.PostsRepositoryTest]
17:47:05.375 [Test worker] DEBUG org.springframework.test.annotation.ProfileValueUtils - Retrieved ProfileValueSource type [class org.springframework.test.annotation.SystemProfileValueSource] for class [com.se0.self.study.domain.posts.PostsRepositoryTest]
17:47:05.395 [Test worker] DEBUG org.springframework.test.context.support.TestPropertySourceUtils - Adding inlined properties to environment: {spring.jmx.enabled=false, org.springframework.boot.test.context.SpringBootTestContextBootstrapper=true, server.port=-1}

  .   ____          _            __ _ _
 /\\ / ___'_ __ _ _(_)_ __  __ _ \ \ \ \
( ( )\___ | '_ | '_| | '_ \/ _` | \ \ \ \
 \\/  ___)| |_)| | | | | || (_| |  ) ) ) )
  '  |____| .__|_| |_|_| |_\__, | / / / /
 =========|_|==============|___/=/_/_/_/
 :: Spring Boot ::        (v2.1.7.RELEASE)

2020-11-27 17:47:05.659  INFO 26204 --- [    Test worker] c.s.s.s.d.posts.PostsRepositoryTest      : Starting PostsRepositoryTest on Emma with PID 26204 (started by N190303 in D:\work_space\study)
2020-11-27 17:47:05.661  INFO 26204 --- [    Test worker] c.s.s.s.d.posts.PostsRepositoryTest      : No active profile set, falling back to default profiles: default
2020-11-27 17:47:06.554  INFO 26204 --- [    Test worker] .s.d.r.c.RepositoryConfigurationDelegate : Bootstrapping Spring Data repositories in DEFAULT mode.
2020-11-27 17:47:06.661  INFO 26204 --- [    Test worker] .s.d.r.c.RepositoryConfigurationDelegate : Finished Spring Data repository scanning in 95ms. Found 1 repository interfaces.
2020-11-27 17:47:07.247  INFO 26204 --- [    Test worker] trationDelegate$BeanPostProcessorChecker : Bean 'org.springframework.transaction.annotation.ProxyTransactionManagementConfiguration' of type [org.springframework.transaction.annotation.ProxyTransactionManagementConfiguration$$EnhancerBySpringCGLIB$$6e05f042] is not eligible for getting processed by all BeanPostProcessors (for example: not eligible for auto-proxying)
2020-11-27 17:47:07.522  INFO 26204 --- [    Test worker] com.zaxxer.hikari.HikariDataSource       : HikariPool-1 - Starting...
2020-11-27 17:47:07.733  INFO 26204 --- [    Test worker] com.zaxxer.hikari.HikariDataSource       : HikariPool-1 - Start completed.
2020-11-27 17:47:07.830  INFO 26204 --- [    Test worker] o.hibernate.jpa.internal.util.LogHelper  : HHH000204: Processing PersistenceUnitInfo [
	name: default
	...]
2020-11-27 17:47:07.913  INFO 26204 --- [    Test worker] org.hibernate.Version                    : HHH000412: Hibernate Core {5.3.10.Final}
2020-11-27 17:47:07.915  INFO 26204 --- [    Test worker] org.hibernate.cfg.Environment            : HHH000206: hibernate.properties not found
2020-11-27 17:47:08.082  INFO 26204 --- [    Test worker] o.hibernate.annotations.common.Version   : HCANN000001: Hibernate Commons Annotations {5.0.4.Final}
2020-11-27 17:47:08.269  INFO 26204 --- [    Test worker] org.hibernate.dialect.Dialect            : HHH000400: Using dialect: org.hibernate.dialect.MySQL5InnoDBDialect
Hibernate: drop table if exists posts
Hibernate: create table posts (id bigint not null auto_increment, created_date datetime, modified_date datetime, author varchar(255), content TEXT not null, title varchar(500) not null, primary key (id)) engine=InnoDB
2020-11-27 17:47:08.982  INFO 26204 --- [    Test worker] o.h.t.schema.internal.SchemaCreatorImpl  : HHH000476: Executing import script 'org.hibernate.tool.schema.internal.exec.ScriptSourceInputNonExistentImpl@297ff94d'
2020-11-27 17:47:08.987  INFO 26204 --- [    Test worker] j.LocalContainerEntityManagerFactoryBean : Initialized JPA EntityManagerFactory for persistence unit 'default'
2020-11-27 17:47:10.178  INFO 26204 --- [    Test worker] o.s.s.concurrent.ThreadPoolTaskExecutor  : Initializing ExecutorService 'applicationTaskExecutor'
2020-11-27 17:47:10.258  WARN 26204 --- [    Test worker] aWebConfiguration$JpaWebMvcConfiguration : spring.jpa.open-in-view is enabled by default. Therefore, database queries may be performed during view rendering. Explicitly configure spring.jpa.open-in-view to disable this warning
2020-11-27 17:47:10.677  INFO 26204 --- [    Test worker] c.s.s.s.d.posts.PostsRepositoryTest      : Started PostsRepositoryTest in 5.275 seconds (JVM running for 6.772)
Hibernate: insert into posts (created_date, modified_date, author, content, title) values (?, ?, ?, ?, ?)
2020-11-27 17:47:11.094  INFO 26204 --- [    Test worker] o.h.h.i.QueryTranslatorFactoryInitiator  : HHH000397: Using ASTQueryTranslatorFactory
Hibernate: select posts0_.id as id1_0_, posts0_.created_date as created_2_0_, posts0_.modified_date as modified3_0_, posts0_.author as author4_0_, posts0_.content as content5_0_, posts0_.title as title6_0_ from posts posts0_
>>>> creteDate = 2020-11-27T17:47:10.990, modifiedDate = 2020-11-27T17:47:10.990
Hibernate: select posts0_.id as id1_0_, posts0_.created_date as created_2_0_, posts0_.modified_date as modified3_0_, posts0_.author as author4_0_, posts0_.content as content5_0_, posts0_.title as title6_0_ from posts posts0_
Hibernate: delete from posts where id=?
]]></system-out>
  <system-err><![CDATA[]]></system-err>
</testsuite>
