<?xml version="1.0" encoding="UTF-8"?>
<testsuite name="com.se0.self.study.web.HelloControllerTest" tests="2" skipped="0" failures="0" errors="0" timestamp="2020-12-11T07:56:33" hostname="Emma" time="0.208">
  <properties/>
  <testcase name="helloDto_return" classname="com.se0.self.study.web.HelloControllerTest" time="0.195"/>
  <testcase name="hello_return" classname="com.se0.self.study.web.HelloControllerTest" time="0.013"/>
  <system-out><![CDATA[2020-12-11 16:56:32.105  INFO 21280 --- [    Test worker] .b.t.a.w.s.WebMvcTestContextBootstrapper : Neither @ContextConfiguration nor @ContextHierarchy found for test class [com.se0.self.study.web.HelloControllerTest], using SpringBootContextLoader
2020-12-11 16:56:32.106  INFO 21280 --- [    Test worker] o.s.t.c.support.AbstractContextLoader    : Could not detect default resource locations for test class [com.se0.self.study.web.HelloControllerTest]: no resource found for suffixes {-context.xml, Context.groovy}.
2020-12-11 16:56:32.107  INFO 21280 --- [    Test worker] t.c.s.AnnotationConfigContextLoaderUtils : Could not detect default configuration classes for test class [com.se0.self.study.web.HelloControllerTest]: HelloControllerTest does not declare any static, non-private, non-final, nested classes annotated with @Configuration.
2020-12-11 16:56:32.147  INFO 21280 --- [    Test worker] .b.t.c.SpringBootTestContextBootstrapper : Found @SpringBootConfiguration com.se0.self.study.Application for test class com.se0.self.study.web.HelloControllerTest
2020-12-11 16:56:32.148  INFO 21280 --- [    Test worker] .b.t.a.w.s.WebMvcTestContextBootstrapper : Loaded default TestExecutionListener class names from location [META-INF/spring.factories]: [org.springframework.security.test.context.support.WithSecurityContextTestExecutionListener, org.springframework.security.test.context.support.ReactorContextTestExecutionListener, org.springframework.boot.test.autoconfigure.restdocs.RestDocsTestExecutionListener, org.springframework.boot.test.autoconfigure.web.client.MockRestServiceServerResetTestExecutionListener, org.springframework.boot.test.autoconfigure.web.servlet.MockMvcPrintOnlyOnFailureTestExecutionListener, org.springframework.boot.test.autoconfigure.web.servlet.WebDriverTestExecutionListener, org.springframework.boot.test.mock.mockito.MockitoTestExecutionListener, org.springframework.boot.test.mock.mockito.ResetMocksTestExecutionListener, org.springframework.test.context.web.ServletTestExecutionListener, org.springframework.test.context.support.DirtiesContextBeforeModesTestExecutionListener, org.springframework.test.context.support.DependencyInjectionTestExecutionListener, org.springframework.test.context.support.DirtiesContextTestExecutionListener, org.springframework.test.context.transaction.TransactionalTestExecutionListener, org.springframework.test.context.jdbc.SqlScriptsTestExecutionListener]
2020-12-11 16:56:32.150  INFO 21280 --- [    Test worker] .b.t.a.w.s.WebMvcTestContextBootstrapper : Using TestExecutionListeners: [org.springframework.test.context.web.ServletTestExecutionListener@5ac5d145, org.springframework.test.context.support.DirtiesContextBeforeModesTestExecutionListener@5666b2f2, org.springframework.boot.test.mock.mockito.MockitoTestExecutionListener@32bdd323, org.springframework.boot.test.autoconfigure.SpringBootDependencyInjectionTestExecutionListener@1c7134e1, org.springframework.test.context.support.DirtiesContextTestExecutionListener@684a81d3, org.springframework.test.context.transaction.TransactionalTestExecutionListener@b585f0a, org.springframework.test.context.jdbc.SqlScriptsTestExecutionListener@57a0a189, org.springframework.security.test.context.support.WithSecurityContextTestExecutionListener@42e341a0, org.springframework.security.test.context.support.ReactorContextTestExecutionListener@7e9b0436, org.springframework.boot.test.autoconfigure.restdocs.RestDocsTestExecutionListener@3772b4e0, org.springframework.boot.test.autoconfigure.web.client.MockRestServiceServerResetTestExecutionListener@658ce76e, org.springframework.boot.test.autoconfigure.web.servlet.MockMvcPrintOnlyOnFailureTestExecutionListener@3dba543e, org.springframework.boot.test.autoconfigure.web.servlet.WebDriverTestExecutionListener@1b265d0b, org.springframework.boot.test.mock.mockito.ResetMocksTestExecutionListener@39d13f3b]

  .   ____          _            __ _ _
 /\\ / ___'_ __ _ _(_)_ __  __ _ \ \ \ \
( ( )\___ | '_ | '_| | '_ \/ _` | \ \ \ \
 \\/  ___)| |_)| | | | | || (_| |  ) ) ) )
  '  |____| .__|_| |_|_| |_\__, | / / / /
 =========|_|==============|___/=/_/_/_/
 :: Spring Boot ::        (v2.1.7.RELEASE)

2020-12-11 16:56:32.204  INFO 21280 --- [    Test worker] c.s.self.study.web.HelloControllerTest   : Starting HelloControllerTest on Emma with PID 21280 (started by N190303 in D:\work_space\study)
2020-12-11 16:56:32.205  INFO 21280 --- [    Test worker] c.s.self.study.web.HelloControllerTest   : No active profile set, falling back to default profiles: default
2020-12-11 16:56:32.675  INFO 21280 --- [    Test worker] o.s.s.concurrent.ThreadPoolTaskExecutor  : Initializing ExecutorService 'applicationTaskExecutor'
2020-12-11 16:56:32.713  INFO 21280 --- [    Test worker] o.s.b.a.w.s.WelcomePageHandlerMapping    : Adding welcome page template: index
2020-12-11 16:56:32.952  INFO 21280 --- [    Test worker] .s.s.UserDetailsServiceAutoConfiguration : 

Using generated security password: fcef1958-99de-472d-a417-5386fd8ffbab

2020-12-11 16:56:33.115  INFO 21280 --- [    Test worker] o.s.s.web.DefaultSecurityFilterChain     : Creating filter chain: any request, [org.springframework.security.web.context.request.async.WebAsyncManagerIntegrationFilter@487c0fe9, org.springframework.security.web.context.SecurityContextPersistenceFilter@21fc11c6, org.springframework.security.web.header.HeaderWriterFilter@76e174d, org.springframework.security.web.csrf.CsrfFilter@3f9bfd29, org.springframework.security.web.authentication.logout.LogoutFilter@14ac7ea5, org.springframework.security.web.authentication.UsernamePasswordAuthenticationFilter@3622db29, org.springframework.security.web.authentication.ui.DefaultLoginPageGeneratingFilter@3fc6b369, org.springframework.security.web.authentication.ui.DefaultLogoutPageGeneratingFilter@655effb9, org.springframework.security.web.authentication.www.BasicAuthenticationFilter@7ca55d1c, org.springframework.security.web.savedrequest.RequestCacheAwareFilter@4919dba3, org.springframework.security.web.servletapi.SecurityContextHolderAwareRequestFilter@3eba79b2, org.springframework.security.web.authentication.AnonymousAuthenticationFilter@334513b3, org.springframework.security.web.session.SessionManagementFilter@677cd03c, org.springframework.security.web.access.ExceptionTranslationFilter@44d58b19, org.springframework.security.web.access.intercept.FilterSecurityInterceptor@76ccb198]
2020-12-11 16:56:33.164  INFO 21280 --- [    Test worker] o.s.b.t.m.w.SpringBootMockServletContext : Initializing Spring TestDispatcherServlet ''
2020-12-11 16:56:33.164  INFO 21280 --- [    Test worker] o.s.t.web.servlet.TestDispatcherServlet  : Initializing Servlet ''
2020-12-11 16:56:33.186  INFO 21280 --- [    Test worker] o.s.t.web.servlet.TestDispatcherServlet  : Completed initialization in 22 ms
2020-12-11 16:56:33.225  INFO 21280 --- [    Test worker] c.s.self.study.web.HelloControllerTest   : Started HelloControllerTest in 1.071 seconds (JVM running for 10.64)
]]></system-out>
  <system-err><![CDATA[]]></system-err>
</testsuite>
