<?xml version="1.0" encoding="UTF-8"?>
<testsuite name="com.se0.self.study.web.dto.HelloResponseDtoTest" tests="1" skipped="0" failures="0" errors="0" timestamp="2021-01-21T05:54:20" hostname="Emma" time="0.014">
  <properties/>
  <testcase name="lombok_test" classname="com.se0.self.study.web.dto.HelloResponseDtoTest" time="0.014"/>
  <system-out><![CDATA[]]></system-out>
  <system-err><![CDATA[]]></system-err>
</testsuite>
