<?xml version="1.0" encoding="UTF-8"?>
<testsuite name="com.se0.self.study.domain.posts.PostsRepositoryTest" tests="2" skipped="0" failures="0" errors="0" timestamp="2021-01-21T05:54:20" hostname="Emma" time="0.504">
  <properties/>
  <testcase name="posts_save_and_load" classname="com.se0.self.study.domain.posts.PostsRepositoryTest" time="0.472"/>
  <testcase name="BaseTimeEntity_posts" classname="com.se0.self.study.domain.posts.PostsRepositoryTest" time="0.031"/>
  <system-out><![CDATA[14:54:12.221 [Test worker] DEBUG org.springframework.test.context.junit4.SpringJUnit4ClassRunner - SpringJUnit4ClassRunner constructor called with [class com.se0.self.study.domain.posts.PostsRepositoryTest]
14:54:12.232 [Test worker] DEBUG org.springframework.test.context.BootstrapUtils - Instantiating CacheAwareContextLoaderDelegate from class [org.springframework.test.context.cache.DefaultCacheAwareContextLoaderDelegate]
14:54:12.244 [Test worker] DEBUG org.springframework.test.context.BootstrapUtils - Instantiating BootstrapContext using constructor [public org.springframework.test.context.support.DefaultBootstrapContext(java.lang.Class,org.springframework.test.context.CacheAwareContextLoaderDelegate)]
14:54:12.274 [Test worker] DEBUG org.springframework.test.context.BootstrapUtils - Instantiating TestContextBootstrapper for test class [com.se0.self.study.domain.posts.PostsRepositoryTest] from class [org.springframework.boot.test.context.SpringBootTestContextBootstrapper]
14:54:12.295 [Test worker] INFO org.springframework.boot.test.context.SpringBootTestContextBootstrapper - Neither @ContextConfiguration nor @ContextHierarchy found for test class [com.se0.self.study.domain.posts.PostsRepositoryTest], using SpringBootContextLoader
14:54:12.301 [Test worker] DEBUG org.springframework.test.context.support.AbstractContextLoader - Did not detect default resource location for test class [com.se0.self.study.domain.posts.PostsRepositoryTest]: class path resource [com/se0/self/study/domain/posts/PostsRepositoryTest-context.xml] does not exist
14:54:12.302 [Test worker] DEBUG org.springframework.test.context.support.AbstractContextLoader - Did not detect default resource location for test class [com.se0.self.study.domain.posts.PostsRepositoryTest]: class path resource [com/se0/self/study/domain/posts/PostsRepositoryTestContext.groovy] does not exist
14:54:12.302 [Test worker] INFO org.springframework.test.context.support.AbstractContextLoader - Could not detect default resource locations for test class [com.se0.self.study.domain.posts.PostsRepositoryTest]: no resource found for suffixes {-context.xml, Context.groovy}.
14:54:12.303 [Test worker] INFO org.springframework.test.context.support.AnnotationConfigContextLoaderUtils - Could not detect default configuration classes for test class [com.se0.self.study.domain.posts.PostsRepositoryTest]: PostsRepositoryTest does not declare any static, non-private, non-final, nested classes annotated with @Configuration.
14:54:12.370 [Test worker] DEBUG org.springframework.test.context.support.ActiveProfilesUtils - Could not find an 'annotation declaring class' for annotation type [org.springframework.test.context.ActiveProfiles] and class [com.se0.self.study.domain.posts.PostsRepositoryTest]
14:54:12.480 [Test worker] DEBUG org.springframework.context.annotation.ClassPathScanningCandidateComponentProvider - Identified candidate component class: file [D:\work_space\study\build\classes\java\main\com\se0\self\study\Application.class]
14:54:12.481 [Test worker] INFO org.springframework.boot.test.context.SpringBootTestContextBootstrapper - Found @SpringBootConfiguration com.se0.self.study.Application for test class com.se0.self.study.domain.posts.PostsRepositoryTest
14:54:12.608 [Test worker] DEBUG org.springframework.boot.test.context.SpringBootTestContextBootstrapper - @TestExecutionListeners is not present for class [com.se0.self.study.domain.posts.PostsRepositoryTest]: using defaults.
14:54:12.609 [Test worker] INFO org.springframework.boot.test.context.SpringBootTestContextBootstrapper - Loaded default TestExecutionListener class names from location [META-INF/spring.factories]: [org.springframework.security.test.context.support.WithSecurityContextTestExecutionListener, org.springframework.security.test.context.support.ReactorContextTestExecutionListener, org.springframework.boot.test.autoconfigure.restdocs.RestDocsTestExecutionListener, org.springframework.boot.test.autoconfigure.web.client.MockRestServiceServerResetTestExecutionListener, org.springframework.boot.test.autoconfigure.web.servlet.MockMvcPrintOnlyOnFailureTestExecutionListener, org.springframework.boot.test.autoconfigure.web.servlet.WebDriverTestExecutionListener, org.springframework.boot.test.mock.mockito.MockitoTestExecutionListener, org.springframework.boot.test.mock.mockito.ResetMocksTestExecutionListener, org.springframework.test.context.web.ServletTestExecutionListener, org.springframework.test.context.support.DirtiesContextBeforeModesTestExecutionListener, org.springframework.test.context.support.DependencyInjectionTestExecutionListener, org.springframework.test.context.support.DirtiesContextTestExecutionListener, org.springframework.test.context.transaction.TransactionalTestExecutionListener, org.springframework.test.context.jdbc.SqlScriptsTestExecutionListener]
14:54:12.645 [Test worker] INFO org.springframework.boot.test.context.SpringBootTestContextBootstrapper - Using TestExecutionListeners: [org.springframework.test.context.web.ServletTestExecutionListener@42b23916, org.springframework.test.context.support.DirtiesContextBeforeModesTestExecutionListener@6a08f1c9, org.springframework.boot.test.mock.mockito.MockitoTestExecutionListener@774d9674, org.springframework.boot.test.autoconfigure.SpringBootDependencyInjectionTestExecutionListener@3357368a, org.springframework.test.context.support.DirtiesContextTestExecutionListener@60fed37f, org.springframework.test.context.transaction.TransactionalTestExecutionListener@4dd5e010, org.springframework.test.context.jdbc.SqlScriptsTestExecutionListener@56b031e8, org.springframework.security.test.context.support.WithSecurityContextTestExecutionListener@5c59bed2, org.springframework.security.test.context.support.ReactorContextTestExecutionListener@4aaafb0d, org.springframework.boot.test.autoconfigure.restdocs.RestDocsTestExecutionListener@281d5728, org.springframework.boot.test.autoconfigure.web.client.MockRestServiceServerResetTestExecutionListener@7ff50cb2, org.springframework.boot.test.autoconfigure.web.servlet.MockMvcPrintOnlyOnFailureTestExecutionListener@6ecb82b0, org.springframework.boot.test.autoconfigure.web.servlet.WebDriverTestExecutionListener@73247ef7, org.springframework.boot.test.mock.mockito.ResetMocksTestExecutionListener@31c2c3ac]
14:54:12.648 [Test worker] DEBUG org.springframework.test.annotation.ProfileValueUtils - Retrieved @ProfileValueSourceConfiguration [null] for test class [com.se0.self.study.domain.posts.PostsRepositoryTest]
14:54:12.649 [Test worker] DEBUG org.springframework.test.annotation.ProfileValueUtils - Retrieved ProfileValueSource type [class org.springframework.test.annotation.SystemProfileValueSource] for class [com.se0.self.study.domain.posts.PostsRepositoryTest]
14:54:12.650 [Test worker] DEBUG org.springframework.test.annotation.ProfileValueUtils - Retrieved @ProfileValueSourceConfiguration [null] for test class [com.se0.self.study.domain.posts.PostsRepositoryTest]
14:54:12.651 [Test worker] DEBUG org.springframework.test.annotation.ProfileValueUtils - Retrieved ProfileValueSource type [class org.springframework.test.annotation.SystemProfileValueSource] for class [com.se0.self.study.domain.posts.PostsRepositoryTest]
14:54:12.657 [Test worker] DEBUG org.springframework.test.context.support.AbstractDirtiesContextTestExecutionListener - Before test class: context [DefaultTestContext@723fa900 testClass = PostsRepositoryTest, testInstance = [null], testMethod = [null], testException = [null], mergedContextConfiguration = [WebMergedContextConfiguration@3b43ef95 testClass = PostsRepositoryTest, locations = '{}', classes = '{class com.se0.self.study.Application}', contextInitializerClasses = '[]', activeProfiles = '{}', propertySourceLocations = '{}', propertySourceProperties = '{org.springframework.boot.test.context.SpringBootTestContextBootstrapper=true}', contextCustomizers = set[org.springframework.boot.test.autoconfigure.properties.PropertyMappingContextCustomizer@0, org.springframework.boot.test.autoconfigure.web.servlet.WebDriverContextCustomizerFactory$Customizer@5d917fc7, org.springframework.boot.test.context.filter.ExcludeFilterContextCustomizer@4112a964, org.springframework.boot.test.json.DuplicateJsonObjectContextCustomizerFactory$DuplicateJsonObjectContextCustomizer@6dfad8bd, org.springframework.boot.test.mock.mockito.MockitoContextCustomizer@0, org.springframework.boot.test.web.client.TestRestTemplateContextCustomizer@79adbd3b], resourceBasePath = 'src/main/webapp', contextLoader = 'org.springframework.boot.test.context.SpringBootContextLoader', parent = [null]], attributes = map['org.springframework.test.context.web.ServletTestExecutionListener.activateListener' -> true]], class annotated with @DirtiesContext [false] with mode [null].
14:54:12.658 [Test worker] DEBUG org.springframework.test.annotation.ProfileValueUtils - Retrieved @ProfileValueSourceConfiguration [null] for test class [com.se0.self.study.domain.posts.PostsRepositoryTest]
14:54:12.658 [Test worker] DEBUG org.springframework.test.annotation.ProfileValueUtils - Retrieved ProfileValueSource type [class org.springframework.test.annotation.SystemProfileValueSource] for class [com.se0.self.study.domain.posts.PostsRepositoryTest]
14:54:12.681 [Test worker] DEBUG org.springframework.test.context.support.TestPropertySourceUtils - Adding inlined properties to environment: {spring.jmx.enabled=false, org.springframework.boot.test.context.SpringBootTestContextBootstrapper=true, server.port=-1}

  .   ____          _            __ _ _
 /\\ / ___'_ __ _ _(_)_ __  __ _ \ \ \ \
( ( )\___ | '_ | '_| | '_ \/ _` | \ \ \ \
 \\/  ___)| |_)| | | | | || (_| |  ) ) ) )
  '  |____| .__|_| |_|_| |_\__, | / / / /
 =========|_|==============|___/=/_/_/_/
 :: Spring Boot ::        (v2.1.7.RELEASE)

2021-01-21 14:54:12.975  INFO 3108 --- [    Test worker] c.s.s.s.d.posts.PostsRepositoryTest      : Starting PostsRepositoryTest on Emma with PID 3108 (started by Emma in D:\work_space\study)
2021-01-21 14:54:12.975  INFO 3108 --- [    Test worker] c.s.s.s.d.posts.PostsRepositoryTest      : No active profile set, falling back to default profiles: default
2021-01-21 14:54:14.125  INFO 3108 --- [    Test worker] .s.d.r.c.RepositoryConfigurationDelegate : Bootstrapping Spring Data repositories in DEFAULT mode.
2021-01-21 14:54:14.232  INFO 3108 --- [    Test worker] .s.d.r.c.RepositoryConfigurationDelegate : Finished Spring Data repository scanning in 94ms. Found 2 repository interfaces.
2021-01-21 14:54:14.897  INFO 3108 --- [    Test worker] trationDelegate$BeanPostProcessorChecker : Bean 'org.springframework.transaction.annotation.ProxyTransactionManagementConfiguration' of type [org.springframework.transaction.annotation.ProxyTransactionManagementConfiguration$$EnhancerBySpringCGLIB$$ee79b72a] is not eligible for getting processed by all BeanPostProcessors (for example: not eligible for auto-proxying)
2021-01-21 14:54:15.254  INFO 3108 --- [    Test worker] com.zaxxer.hikari.HikariDataSource       : HikariPool-1 - Starting...
2021-01-21 14:54:15.424  INFO 3108 --- [    Test worker] com.zaxxer.hikari.HikariDataSource       : HikariPool-1 - Start completed.
2021-01-21 14:54:15.529  INFO 3108 --- [    Test worker] o.hibernate.jpa.internal.util.LogHelper  : HHH000204: Processing PersistenceUnitInfo [
	name: default
	...]
2021-01-21 14:54:15.613  INFO 3108 --- [    Test worker] org.hibernate.Version                    : HHH000412: Hibernate Core {5.3.10.Final}
2021-01-21 14:54:15.616  INFO 3108 --- [    Test worker] org.hibernate.cfg.Environment            : HHH000206: hibernate.properties not found
2021-01-21 14:54:15.808  INFO 3108 --- [    Test worker] o.hibernate.annotations.common.Version   : HCANN000001: Hibernate Commons Annotations {5.0.4.Final}
2021-01-21 14:54:16.031  INFO 3108 --- [    Test worker] org.hibernate.dialect.Dialect            : HHH000400: Using dialect: org.hibernate.dialect.MySQL5InnoDBDialect
Hibernate: drop table if exists posts
Hibernate: drop table if exists user
Hibernate: create table posts (id bigint not null auto_increment, created_date datetime, modified_date datetime, author varchar(255), content TEXT not null, title varchar(500) not null, primary key (id)) engine=InnoDB
Hibernate: create table user (id bigint not null auto_increment, created_date datetime, modified_date datetime, email varchar(255) not null, name varchar(255) not null, picture varchar(255), role varchar(255) not null, primary key (id)) engine=InnoDB
2021-01-21 14:54:16.897  INFO 3108 --- [    Test worker] o.h.t.schema.internal.SchemaCreatorImpl  : HHH000476: Executing import script 'org.hibernate.tool.schema.internal.exec.ScriptSourceInputNonExistentImpl@368a73f5'
2021-01-21 14:54:16.901  INFO 3108 --- [    Test worker] j.LocalContainerEntityManagerFactoryBean : Initialized JPA EntityManagerFactory for persistence unit 'default'
2021-01-21 14:54:17.651  INFO 3108 --- [    Test worker] o.h.h.i.QueryTranslatorFactoryInitiator  : HHH000397: Using ASTQueryTranslatorFactory
2021-01-21 14:54:18.513  INFO 3108 --- [    Test worker] o.s.s.web.DefaultSecurityFilterChain     : Creating filter chain: any request, [org.springframework.security.web.context.request.async.WebAsyncManagerIntegrationFilter@33ab0714, org.springframework.security.web.context.SecurityContextPersistenceFilter@4c616e20, org.springframework.security.web.header.HeaderWriterFilter@3876ae1e, org.springframework.security.web.authentication.logout.LogoutFilter@753a0f80, org.springframework.security.oauth2.client.web.OAuth2AuthorizationRequestRedirectFilter@473483a6, org.springframework.security.oauth2.client.web.OAuth2LoginAuthenticationFilter@4d5302b2, org.springframework.security.web.authentication.ui.DefaultLoginPageGeneratingFilter@73449a24, org.springframework.security.web.authentication.ui.DefaultLogoutPageGeneratingFilter@1c341ae4, org.springframework.security.web.savedrequest.RequestCacheAwareFilter@2f7c71f7, org.springframework.security.web.servletapi.SecurityContextHolderAwareRequestFilter@3caeea7d, org.springframework.security.web.authentication.AnonymousAuthenticationFilter@5e48c17b, org.springframework.security.web.session.SessionManagementFilter@3941b0c9, org.springframework.security.web.access.ExceptionTranslationFilter@400797cb, org.springframework.security.web.access.intercept.FilterSecurityInterceptor@3f4ed79a]
2021-01-21 14:54:19.246  INFO 3108 --- [    Test worker] o.s.s.concurrent.ThreadPoolTaskExecutor  : Initializing ExecutorService 'applicationTaskExecutor'
2021-01-21 14:54:19.319  WARN 3108 --- [    Test worker] aWebConfiguration$JpaWebMvcConfiguration : spring.jpa.open-in-view is enabled by default. Therefore, database queries may be performed during view rendering. Explicitly configure spring.jpa.open-in-view to disable this warning
2021-01-21 14:54:19.390  INFO 3108 --- [    Test worker] o.s.b.a.w.s.WelcomePageHandlerMapping    : Adding welcome page template: index
2021-01-21 14:54:20.226  INFO 3108 --- [    Test worker] s.a.ScheduledAnnotationBeanPostProcessor : No TaskScheduler/ScheduledExecutorService bean found for scheduled processing
2021-01-21 14:54:20.241  INFO 3108 --- [    Test worker] c.s.s.s.d.posts.PostsRepositoryTest      : Started PostsRepositoryTest in 7.55 seconds (JVM running for 9.191)
Hibernate: insert into posts (created_date, modified_date, author, content, title) values (?, ?, ?, ?, ?)
Hibernate: select posts0_.id as id1_0_, posts0_.created_date as created_2_0_, posts0_.modified_date as modified3_0_, posts0_.author as author4_0_, posts0_.content as content5_0_, posts0_.title as title6_0_ from posts posts0_
Hibernate: select posts0_.id as id1_0_, posts0_.created_date as created_2_0_, posts0_.modified_date as modified3_0_, posts0_.author as author4_0_, posts0_.content as content5_0_, posts0_.title as title6_0_ from posts posts0_
Hibernate: delete from posts where id=?
Hibernate: insert into posts (created_date, modified_date, author, content, title) values (?, ?, ?, ?, ?)
Hibernate: select posts0_.id as id1_0_, posts0_.created_date as created_2_0_, posts0_.modified_date as modified3_0_, posts0_.author as author4_0_, posts0_.content as content5_0_, posts0_.title as title6_0_ from posts posts0_
>>>> creteDate = 2021-01-21T14:54:20.755, modifiedDate = 2021-01-21T14:54:20.755
Hibernate: select posts0_.id as id1_0_, posts0_.created_date as created_2_0_, posts0_.modified_date as modified3_0_, posts0_.author as author4_0_, posts0_.content as content5_0_, posts0_.title as title6_0_ from posts posts0_
Hibernate: delete from posts where id=?
]]></system-out>
  <system-err><![CDATA[]]></system-err>
</testsuite>
